# JRE version: Java(TM) SE Runtime Environment (8.0_05-b13) (build 1.8.0_05-b13)
# Java VM: Java HotSpot(TM) 64-Bit Server VM (25.5-b02 mixed mode bsd-amd64 compressed oops)
Heap:
 PSYoungGen      total 1536K, used 922K [0x0000000795580000, 0x0000000795780000, 0x00000007c0000000)
  eden space 1024K, 43% used [0x0000000795580000,0x00000007955ee8c0,0x0000000795680000)
  from space 512K, 93% used [0x0000000795700000,0x0000000795778020,0x0000000795780000)
  to   space 512K, 0% used [0x0000000795680000,0x0000000795680000,0x0000000795700000)
 ParOldGen       total 195072K, used 72K [0x0000000740000000, 0x000000074be80000, 0x0000000795580000)
  object space 195072K, 0% used [0x0000000740000000,0x0000000740012000,0x000000074be80000)
 Metaspace       used 3148K, capacity 4564K, committed 4864K, reserved 1056768K
  class space    used 350K, capacity 388K, committed 512K, reserved 1048576K
GC Heap History (4 events):
Event: 0.272 GC heap before
{Heap before GC invocations=1 (full 0):
 PSYoungGen      total 1024K, used 512K [0x0000000795580000, 0x0000000795700000, 0x00000007c0000000)
  eden space 512K, 100% used [0x0000000795580000,0x0000000795600000,0x0000000795600000)
  from space 512K, 0% used [0x0000000795680000,0x0000000795680000,0x0000000795700000)
  to   space 512K, 0% used [0x0000000795600000,0x0000000795600000,0x0000000795680000)
 ParOldGen       total 195072K, used 0K [0x0000000740000000, 0x000000074be80000, 0x0000000795580000)
  object space 195072K, 0% used [0x0000000740000000,0x0000000740000000,0x000000074be80000)
 Metaspace       used 2485K, capacity 4480K, committed 4480K, reserved 1056768K
  class space    used 267K, capacity 384K, committed 384K, reserved 1048576K
Event: 0.278 GC heap after
Heap after GC invocations=1 (full 0):
 PSYoungGen      total 1024K, used 448K [0x0000000795580000, 0x0000000795780000, 0x00000007c0000000)
  eden space 512K, 0% used [0x0000000795580000,0x0000000795580000,0x0000000795600000)
  from space 512K, 87% used [0x0000000795600000,0x0000000795670020,0x0000000795680000)
  to   space 512K, 0% used [0x0000000795700000,0x0000000795700000,0x0000000795780000)
 ParOldGen       total 195072K, used 8K [0x0000000740000000, 0x000000074be80000, 0x0000000795580000)
  object space 195072K, 0% used [0x0000000740000000,0x0000000740002000,0x000000074be80000)
 Metaspace       used 2485K, capacity 4480K, committed 4480K, reserved 1056768K
  class space    used 267K, capacity 384K, committed 384K, reserved 1048576K
}
Event: 0.304 GC heap before
{Heap before GC invocations=2 (full 0):
 PSYoungGen      total 1024K, used 959K [0x0000000795580000, 0x0000000795780000, 0x00000007c0000000)
  eden space 512K, 99% used [0x0000000795580000,0x00000007955ffe00,0x0000000795600000)
  from space 512K, 87% used [0x0000000795600000,0x0000000795670020,0x0000000795680000)
  to   space 512K, 0% used [0x0000000795700000,0x0000000795700000,0x0000000795780000)
 ParOldGen       total 195072K, used 8K [0x0000000740000000, 0x000000074be80000, 0x0000000795580000)
  object space 195072K, 0% used [0x0000000740000000,0x0000000740002000,0x000000074be80000)
 Metaspace       used 2634K, capacity 4480K, committed 4480K, reserved 1056768K
  class space    used 288K, capacity 384K, committed 384K, reserved 1048576K
Event: 0.308 GC heap after
Heap after GC invocations=2 (full 0):
 PSYoungGen      total 1536K, used 480K [0x0000000795580000, 0x0000000795780000, 0x00000007c0000000)
  eden space 1024K, 0% used [0x0000000795580000,0x0000000795580000,0x0000000795680000)
  from space 512K, 93% used [0x0000000795700000,0x0000000795778020,0x0000000795780000)
  to   space 512K, 0% used [0x0000000795680000,0x0000000795680000,0x0000000795700000)
 ParOldGen       total 195072K, used 72K [0x0000000740000000, 0x000000074be80000, 0x0000000795580000)
  object space 195072K, 0% used [0x0000000740000000,0x0000000740012000,0x000000074be80000)
 Metaspace       used 2634K, capacity 4480K, committed 4480K, reserved 1056768K
  class space    used 288K, capacity 384K, committed 384K, reserved 1048576K
}

